<?xml version="1.0" encoding="UTF-8"?>
<!-- Generated by org.testng.reporters.JUnitXMLReporter -->
<testsuite ignored="0" hostname="milind-Latitude-3420" failures="1" tests="1" name="Test" time="31.276" errors="0" timestamp="2024-01-24T13:36:11 IST">
  <testcase classname="TestCases.WebLogin" name="webLogin" time="30.974">
    <failure type="java.lang.AssertionError" message="Failed to click on element [By.id: signUpSubmit]">
      <![CDATA[java.lang.AssertionError: Failed to click on element [By.id: signUpSubmit]
at CommonUtility.SeleniumActions.click(SeleniumActions.java:215)
at Pages.LegalService.loginSignUpMethod(LegalService.java:32)
at TestCases.WebLogin.webLogin(WebLogin.java:19)
at java.base/java.util.ArrayList.forEach(ArrayList.java:1541)
... Removed 28 stack frames]]>
    </failure>
  </testcase> <!-- webLogin -->
</testsuite> <!-- Test -->
